0 info it worked if it ends with ok
1 verbose cli [ '/usr/bin/node', '/usr/bin/npm', 'install', 'canvas', '--save' ]
2 info using npm@3.5.2
3 info using node@v6.11.4
4 silly loadCurrentTree Starting
5 silly install loadCurrentTree
6 silly install readLocalPackageData
7 silly fetchPackageMetaData canvas
8 silly fetchNamedPackageData canvas
9 silly mapToRegistry name canvas
10 silly mapToRegistry using default registry
11 silly mapToRegistry registry https://registry.npmjs.org/
12 silly mapToRegistry uri https://registry.npmjs.org/canvas
13 verbose request uri https://registry.npmjs.org/canvas
14 verbose request no auth needed
15 info attempt registry request try #1 at 13:05:06
16 verbose request id f415acd3151e3b9d
17 http request GET https://registry.npmjs.org/canvas
18 http 200 https://registry.npmjs.org/canvas
19 verbose headers { 'content-type': 'application/json; charset=UTF-8',
19 verbose headers   server: 'UploadServer',
19 verbose headers   'cache-control': 'max-age=300',
19 verbose headers   'last-modified': 'Thu, 22 Mar 2018 19:54:56 GMT',
19 verbose headers   etag: '"5ab40a10-31b79"',
19 verbose headers   'x-npm-region': 'EU-West',
19 verbose headers   'content-encoding': 'gzip',
19 verbose headers   'content-length': '22790',
19 verbose headers   'accept-ranges': 'bytes',
19 verbose headers   date: 'Sat, 12 May 2018 12:05:07 GMT',
19 verbose headers   via: '1.1 varnish',
19 verbose headers   age: '0',
19 verbose headers   connection: 'keep-alive',
19 verbose headers   'x-served-by': 'cache-lcy19232-LCY',
19 verbose headers   'x-cache': 'MISS',
19 verbose headers   'x-cache-hits': '0',
19 verbose headers   'x-timer': 'S1526126707.917049,VS0,VE303',
19 verbose headers   vary: 'Accept-Encoding, Accept' }
20 silly get cb [ 200,
20 silly get   { 'content-type': 'application/json; charset=UTF-8',
20 silly get     server: 'UploadServer',
20 silly get     'cache-control': 'max-age=300',
20 silly get     'last-modified': 'Thu, 22 Mar 2018 19:54:56 GMT',
20 silly get     etag: '"5ab40a10-31b79"',
20 silly get     'x-npm-region': 'EU-West',
20 silly get     'content-encoding': 'gzip',
20 silly get     'content-length': '22790',
20 silly get     'accept-ranges': 'bytes',
20 silly get     date: 'Sat, 12 May 2018 12:05:07 GMT',
20 silly get     via: '1.1 varnish',
20 silly get     age: '0',
20 silly get     connection: 'keep-alive',
20 silly get     'x-served-by': 'cache-lcy19232-LCY',
20 silly get     'x-cache': 'MISS',
20 silly get     'x-cache-hits': '0',
20 silly get     'x-timer': 'S1526126707.917049,VS0,VE303',
20 silly get     vary: 'Accept-Encoding, Accept' } ]
21 verbose get saving canvas to /home/ellisp97/.npm/registry.npmjs.org/canvas/.cache.json
22 silly install normalizeTree
23 silly loadCurrentTree Finishing
24 silly loadIdealTree Starting
25 silly install loadIdealTree
26 silly cloneCurrentTree Starting
27 silly install cloneCurrentTreeToIdealTree
28 silly cloneCurrentTree Finishing
29 silly loadShrinkwrap Starting
30 silly install loadShrinkwrap
31 silly loadShrinkwrap Finishing
32 silly loadAllDepsIntoIdealTree Starting
33 silly install loadAllDepsIntoIdealTree
34 silly resolveWithNewModule canvas@1.6.10 checking installable status
35 silly cache add args [ 'canvas', null ]
36 verbose cache add spec canvas
37 silly cache add parsed spec Result {
37 silly cache add   raw: 'canvas',
37 silly cache add   scope: null,
37 silly cache add   name: 'canvas',
37 silly cache add   rawSpec: '',
37 silly cache add   spec: 'latest',
37 silly cache add   type: 'tag' }
38 silly addNamed canvas@latest
39 verbose addNamed "latest" is being treated as a dist-tag for canvas
40 info addNameTag [ 'canvas', 'latest' ]
41 silly mapToRegistry name canvas
42 silly mapToRegistry using default registry
43 silly mapToRegistry registry https://registry.npmjs.org/
44 silly mapToRegistry uri https://registry.npmjs.org/canvas
45 verbose addNameTag registry:https://registry.npmjs.org/canvas not in flight; fetching
46 verbose get https://registry.npmjs.org/canvas not expired, no request
47 silly addNameTag next cb for canvas with tag latest
48 silly addNamed canvas@1.6.10
49 verbose addNamed "1.6.10" is a plain semver version for canvas
50 silly mapToRegistry name canvas
51 silly mapToRegistry using default registry
52 silly mapToRegistry registry https://registry.npmjs.org/
53 silly mapToRegistry uri https://registry.npmjs.org/canvas
54 verbose addRemoteTarball https://registry.npmjs.org/canvas/-/canvas-1.6.10.tgz not in flight; adding
55 verbose addRemoteTarball [ 'https://registry.npmjs.org/canvas/-/canvas-1.6.10.tgz',
55 verbose addRemoteTarball   'aa938354642e7d61479ae5a76373b3233d7bbac8' ]
56 info retry fetch attempt 1 at 13:05:07
57 info attempt registry request try #1 at 13:05:07
58 http fetch GET https://registry.npmjs.org/canvas/-/canvas-1.6.10.tgz
59 http fetch 200 https://registry.npmjs.org/canvas/-/canvas-1.6.10.tgz
60 silly fetchAndShaCheck shasum aa938354642e7d61479ae5a76373b3233d7bbac8
61 verbose addTmpTarball /tmp/npm-12751-c09857d1/registry.npmjs.org/canvas/-/canvas-1.6.10.tgz not in flight; adding
62 verbose addTmpTarball already have metadata; skipping unpack for canvas@1.6.10
63 silly cache afterAdd canvas@1.6.10
64 verbose afterAdd /home/ellisp97/.npm/canvas/1.6.10/package/package.json not in flight; writing
65 verbose afterAdd /home/ellisp97/.npm/canvas/1.6.10/package/package.json written
66 silly loadAllDepsIntoIdealTree Finishing
67 silly idealTree:prePrune site@0.0.0
67 silly idealTree:prePrune ├── accepts@1.3.5
67 silly idealTree:prePrune ├── ajv@5.5.2
67 silly idealTree:prePrune ├── align-text@0.1.4
67 silly idealTree:prePrune ├── amdefine@1.0.1
67 silly idealTree:prePrune ├── array-flatten@1.1.1
67 silly idealTree:prePrune ├── asap@2.0.6
67 silly idealTree:prePrune ├── asn1@0.2.3
67 silly idealTree:prePrune ├── assert-plus@1.0.0
67 silly idealTree:prePrune ├── async@1.5.2
67 silly idealTree:prePrune ├── asynckit@0.4.0
67 silly idealTree:prePrune ├── aws-sign2@0.7.0
67 silly idealTree:prePrune ├── aws4@1.7.0
67 silly idealTree:prePrune ├── balanced-match@1.0.0
67 silly idealTree:prePrune ├── basic-auth@2.0.0
67 silly idealTree:prePrune ├── bcrypt-pbkdf@1.0.1
67 silly idealTree:prePrune ├─┬ bcrypt@2.0.1
67 silly idealTree:prePrune │ ├── abbrev@1.1.1
67 silly idealTree:prePrune │ ├── ansi-regex@2.1.1
67 silly idealTree:prePrune │ ├── aproba@1.2.0
67 silly idealTree:prePrune │ ├── are-we-there-yet@1.1.4
67 silly idealTree:prePrune │ ├── balanced-match@1.0.0
67 silly idealTree:prePrune │ ├── brace-expansion@1.1.11
67 silly idealTree:prePrune │ ├── chownr@1.0.1
67 silly idealTree:prePrune │ ├── code-point-at@1.1.0
67 silly idealTree:prePrune │ ├── concat-map@0.0.1
67 silly idealTree:prePrune │ ├── console-control-strings@1.1.0
67 silly idealTree:prePrune │ ├── core-util-is@1.0.2
67 silly idealTree:prePrune │ ├── debug@2.6.9
67 silly idealTree:prePrune │ ├── deep-extend@0.4.2
67 silly idealTree:prePrune │ ├── delegates@1.0.0
67 silly idealTree:prePrune │ ├── detect-libc@1.0.3
67 silly idealTree:prePrune │ ├── fs-minipass@1.2.5
67 silly idealTree:prePrune │ ├── fs.realpath@1.0.0
67 silly idealTree:prePrune │ ├── gauge@2.7.4
67 silly idealTree:prePrune │ ├── glob@7.1.2
67 silly idealTree:prePrune │ ├── has-unicode@2.0.1
67 silly idealTree:prePrune │ ├── iconv-lite@0.4.21
67 silly idealTree:prePrune │ ├── ignore-walk@3.0.1
67 silly idealTree:prePrune │ ├── inflight@1.0.6
67 silly idealTree:prePrune │ ├── inherits@2.0.3
67 silly idealTree:prePrune │ ├── ini@1.3.5
67 silly idealTree:prePrune │ ├── is-fullwidth-code-point@1.0.0
67 silly idealTree:prePrune │ ├── isarray@1.0.0
67 silly idealTree:prePrune │ ├── minimatch@3.0.4
67 silly idealTree:prePrune │ ├── minimist@0.0.8
67 silly idealTree:prePrune │ ├─┬ minipass@2.2.4
67 silly idealTree:prePrune │ │ └── yallist@3.0.2
67 silly idealTree:prePrune │ ├── minizlib@1.1.0
67 silly idealTree:prePrune │ ├── mkdirp@0.5.1
67 silly idealTree:prePrune │ ├── ms@2.0.0
67 silly idealTree:prePrune │ ├── needle@2.2.0
67 silly idealTree:prePrune │ ├── node-pre-gyp@0.9.1
67 silly idealTree:prePrune │ ├── nopt@4.0.1
67 silly idealTree:prePrune │ ├── npm-bundled@1.0.3
67 silly idealTree:prePrune │ ├── npm-packlist@1.1.10
67 silly idealTree:prePrune │ ├── npmlog@4.1.2
67 silly idealTree:prePrune │ ├── number-is-nan@1.0.1
67 silly idealTree:prePrune │ ├── object-assign@4.1.1
67 silly idealTree:prePrune │ ├── once@1.4.0
67 silly idealTree:prePrune │ ├── os-homedir@1.0.2
67 silly idealTree:prePrune │ ├── os-tmpdir@1.0.2
67 silly idealTree:prePrune │ ├── osenv@0.1.5
67 silly idealTree:prePrune │ ├── path-is-absolute@1.0.1
67 silly idealTree:prePrune │ ├── process-nextick-args@2.0.0
67 silly idealTree:prePrune │ ├─┬ rc@1.2.6
67 silly idealTree:prePrune │ │ └── minimist@1.2.0
67 silly idealTree:prePrune │ ├── readable-stream@2.3.5
67 silly idealTree:prePrune │ ├── rimraf@2.6.2
67 silly idealTree:prePrune │ ├── safe-buffer@5.1.1
67 silly idealTree:prePrune │ ├── safer-buffer@2.1.2
67 silly idealTree:prePrune │ ├── sax@1.2.4
67 silly idealTree:prePrune │ ├── semver@5.5.0
67 silly idealTree:prePrune │ ├── set-blocking@2.0.0
67 silly idealTree:prePrune │ ├── signal-exit@3.0.2
67 silly idealTree:prePrune │ ├── string_decoder@1.0.3
67 silly idealTree:prePrune │ ├── string-width@1.0.2
67 silly idealTree:prePrune │ ├── strip-ansi@3.0.1
67 silly idealTree:prePrune │ ├── strip-json-comments@2.0.1
67 silly idealTree:prePrune │ ├─┬ tar@4.4.1
67 silly idealTree:prePrune │ │ └── yallist@3.0.2
67 silly idealTree:prePrune │ ├── util-deprecate@1.0.2
67 silly idealTree:prePrune │ ├── wide-align@1.1.2
67 silly idealTree:prePrune │ └── wrappy@1.0.2
67 silly idealTree:prePrune ├── body-parser@1.18.2
67 silly idealTree:prePrune ├── boom@4.3.1
67 silly idealTree:prePrune ├── brace-expansion@1.1.11
67 silly idealTree:prePrune ├── bytes@3.0.0
67 silly idealTree:prePrune ├── camelcase@1.2.1
67 silly idealTree:prePrune ├── canvas@1.6.10
67 silly idealTree:prePrune ├── caseless@0.12.0
67 silly idealTree:prePrune ├── center-align@0.1.3
67 silly idealTree:prePrune ├── chart.js@2.7.2
67 silly idealTree:prePrune ├── chartjs-color-string@0.5.0
67 silly idealTree:prePrune ├── chartjs-color@2.2.0
67 silly idealTree:prePrune ├─┬ cliui@2.1.0
67 silly idealTree:prePrune │ └── wordwrap@0.0.2
67 silly idealTree:prePrune ├── co@4.6.0
67 silly idealTree:prePrune ├── color-convert@0.5.3
67 silly idealTree:prePrune ├── color-name@1.1.3
67 silly idealTree:prePrune ├── combined-stream@1.0.6
67 silly idealTree:prePrune ├── concat-map@0.0.1
67 silly idealTree:prePrune ├── connect-sqlite3@0.9.11
67 silly idealTree:prePrune ├── content-disposition@0.5.2
67 silly idealTree:prePrune ├── content-type@1.0.4
67 silly idealTree:prePrune ├── cookie-parser@1.4.3
67 silly idealTree:prePrune ├── cookie-signature@1.0.6
67 silly idealTree:prePrune ├── cookie@0.3.1
67 silly idealTree:prePrune ├── core-util-is@1.0.2
67 silly idealTree:prePrune ├── crc@3.4.4
67 silly idealTree:prePrune ├─┬ cryptiles@3.1.2
67 silly idealTree:prePrune │ └── boom@5.2.0
67 silly idealTree:prePrune ├── dashdash@1.14.1
67 silly idealTree:prePrune ├── debug@2.6.9
67 silly idealTree:prePrune ├── decamelize@1.2.0
67 silly idealTree:prePrune ├── define-properties@1.1.2
67 silly idealTree:prePrune ├── delayed-stream@1.0.0
67 silly idealTree:prePrune ├── depd@1.1.2
67 silly idealTree:prePrune ├── destroy@1.0.4
67 silly idealTree:prePrune ├── ecc-jsbn@0.1.1
67 silly idealTree:prePrune ├── ee-first@1.1.1
67 silly idealTree:prePrune ├── encodeurl@1.0.2
67 silly idealTree:prePrune ├── escape-html@1.0.3
67 silly idealTree:prePrune ├── etag@1.8.1
67 silly idealTree:prePrune ├── express-handlebars@3.0.0
67 silly idealTree:prePrune ├── express-session@1.15.6
67 silly idealTree:prePrune ├── express-validator@5.2.0
67 silly idealTree:prePrune ├─┬ express@4.16.3
67 silly idealTree:prePrune │ └── statuses@1.4.0
67 silly idealTree:prePrune ├── extend@3.0.1
67 silly idealTree:prePrune ├── extsprintf@1.3.0
67 silly idealTree:prePrune ├── fast-deep-equal@1.1.0
67 silly idealTree:prePrune ├── fast-json-stable-stringify@2.0.0
67 silly idealTree:prePrune ├─┬ finalhandler@1.1.1
67 silly idealTree:prePrune │ └── statuses@1.4.0
67 silly idealTree:prePrune ├── foreach@2.0.5
67 silly idealTree:prePrune ├── forever-agent@0.6.1
67 silly idealTree:prePrune ├── form-data@2.3.2
67 silly idealTree:prePrune ├── forwarded@0.1.2
67 silly idealTree:prePrune ├── fresh@0.5.2
67 silly idealTree:prePrune ├── function-bind@1.1.1
67 silly idealTree:prePrune ├── getpass@0.1.7
67 silly idealTree:prePrune ├── glob@6.0.4
67 silly idealTree:prePrune ├── graceful-fs@4.1.11
67 silly idealTree:prePrune ├── handlebars@4.0.11
67 silly idealTree:prePrune ├── har-schema@2.0.0
67 silly idealTree:prePrune ├── har-validator@5.0.3
67 silly idealTree:prePrune ├── has-symbols@1.0.0
67 silly idealTree:prePrune ├── hawk@6.0.2
67 silly idealTree:prePrune ├── hoek@4.2.1
67 silly idealTree:prePrune ├── http-errors@1.6.3
67 silly idealTree:prePrune ├── http-signature@1.2.0
67 silly idealTree:prePrune ├── https@1.0.0
67 silly idealTree:prePrune ├── iconv-lite@0.4.19
67 silly idealTree:prePrune ├── inflight@1.0.6
67 silly idealTree:prePrune ├── inherits@2.0.3
67 silly idealTree:prePrune ├── ipaddr.js@1.6.0
67 silly idealTree:prePrune ├── is-buffer@1.1.6
67 silly idealTree:prePrune ├── is-typedarray@1.0.0
67 silly idealTree:prePrune ├── isstream@0.1.2
67 silly idealTree:prePrune ├── jquery@3.3.1
67 silly idealTree:prePrune ├── jsbn@0.1.1
67 silly idealTree:prePrune ├── json-schema-traverse@0.3.1
67 silly idealTree:prePrune ├── json-schema@0.2.3
67 silly idealTree:prePrune ├── json-stringify-safe@5.0.1
67 silly idealTree:prePrune ├── jsprim@1.4.1
67 silly idealTree:prePrune ├── kind-of@3.2.2
67 silly idealTree:prePrune ├── lazy-cache@1.0.4
67 silly idealTree:prePrune ├── lodash@4.17.10
67 silly idealTree:prePrune ├── longest@1.0.1
67 silly idealTree:prePrune ├── media-typer@0.3.0
67 silly idealTree:prePrune ├── merge-descriptors@1.0.1
67 silly idealTree:prePrune ├── methods@1.1.2
67 silly idealTree:prePrune ├── mime-db@1.33.0
67 silly idealTree:prePrune ├── mime-types@2.1.18
67 silly idealTree:prePrune ├── mime@1.4.1
67 silly idealTree:prePrune ├── minimatch@3.0.4
67 silly idealTree:prePrune ├── minimist@0.0.10
67 silly idealTree:prePrune ├── moment@2.22.1
67 silly idealTree:prePrune ├── morgan@1.9.0
67 silly idealTree:prePrune ├── ms@2.0.0
67 silly idealTree:prePrune ├── nan@2.10.0
67 silly idealTree:prePrune ├── negotiator@0.6.1
67 silly idealTree:prePrune ├── oauth-sign@0.8.2
67 silly idealTree:prePrune ├── object-keys@1.0.11
67 silly idealTree:prePrune ├── object.assign@4.1.0
67 silly idealTree:prePrune ├── on-finished@2.3.0
67 silly idealTree:prePrune ├── on-headers@1.0.1
67 silly idealTree:prePrune ├── once@1.4.0
67 silly idealTree:prePrune ├── optimist@0.6.1
67 silly idealTree:prePrune ├── parseurl@1.3.2
67 silly idealTree:prePrune ├── passport-local@1.0.0
67 silly idealTree:prePrune ├── passport-strategy@1.0.0
67 silly idealTree:prePrune ├── passport@0.4.0
67 silly idealTree:prePrune ├── path-is-absolute@1.0.1
67 silly idealTree:prePrune ├── path-to-regexp@0.1.7
67 silly idealTree:prePrune ├── pause@0.0.1
67 silly idealTree:prePrune ├── performance-now@2.1.0
67 silly idealTree:prePrune ├── promise@7.3.1
67 silly idealTree:prePrune ├── proxy-addr@2.0.3
67 silly idealTree:prePrune ├── punycode@1.4.1
67 silly idealTree:prePrune ├── qs@6.5.1
67 silly idealTree:prePrune ├── random-bytes@1.0.0
67 silly idealTree:prePrune ├── range-parser@1.2.0
67 silly idealTree:prePrune ├─┬ raw-body@2.3.2
67 silly idealTree:prePrune │ ├── depd@1.1.1
67 silly idealTree:prePrune │ ├── http-errors@1.6.2
67 silly idealTree:prePrune │ └── setprototypeof@1.0.3
67 silly idealTree:prePrune ├── repeat-string@1.6.1
67 silly idealTree:prePrune ├── request@2.85.0
67 silly idealTree:prePrune ├── right-align@0.1.3
67 silly idealTree:prePrune ├── safe-buffer@5.1.1
67 silly idealTree:prePrune ├─┬ send@0.16.2
67 silly idealTree:prePrune │ └── statuses@1.4.0
67 silly idealTree:prePrune ├── serve-static@1.13.2
67 silly idealTree:prePrune ├── setprototypeof@1.1.0
67 silly idealTree:prePrune ├── sntp@2.1.0
67 silly idealTree:prePrune ├── source-map@0.4.4
67 silly idealTree:prePrune ├─┬ sqlite3@4.0.0
67 silly idealTree:prePrune │ ├── abbrev@1.1.1
67 silly idealTree:prePrune │ ├── ansi-regex@2.1.1
67 silly idealTree:prePrune │ ├── aproba@1.2.0
67 silly idealTree:prePrune │ ├── are-we-there-yet@1.1.4
67 silly idealTree:prePrune │ ├── balanced-match@1.0.0
67 silly idealTree:prePrune │ ├── brace-expansion@1.1.11
67 silly idealTree:prePrune │ ├── chownr@1.0.1
67 silly idealTree:prePrune │ ├── code-point-at@1.1.0
67 silly idealTree:prePrune │ ├── concat-map@0.0.1
67 silly idealTree:prePrune │ ├── console-control-strings@1.1.0
67 silly idealTree:prePrune │ ├── core-util-is@1.0.2
67 silly idealTree:prePrune │ ├── debug@2.6.9
67 silly idealTree:prePrune │ ├── deep-extend@0.4.2
67 silly idealTree:prePrune │ ├── delegates@1.0.0
67 silly idealTree:prePrune │ ├── detect-libc@1.0.3
67 silly idealTree:prePrune │ ├── fs-minipass@1.2.5
67 silly idealTree:prePrune │ ├── fs.realpath@1.0.0
67 silly idealTree:prePrune │ ├── gauge@2.7.4
67 silly idealTree:prePrune │ ├── glob@7.1.2
67 silly idealTree:prePrune │ ├── has-unicode@2.0.1
67 silly idealTree:prePrune │ ├── iconv-lite@0.4.19
67 silly idealTree:prePrune │ ├── ignore-walk@3.0.1
67 silly idealTree:prePrune │ ├── inflight@1.0.6
67 silly idealTree:prePrune │ ├── inherits@2.0.3
67 silly idealTree:prePrune │ ├── ini@1.3.5
67 silly idealTree:prePrune │ ├── is-fullwidth-code-point@1.0.0
67 silly idealTree:prePrune │ ├── isarray@1.0.0
67 silly idealTree:prePrune │ ├── minimatch@3.0.4
67 silly idealTree:prePrune │ ├── minimist@0.0.8
67 silly idealTree:prePrune │ ├── minipass@2.2.1
67 silly idealTree:prePrune │ ├── minizlib@1.1.0
67 silly idealTree:prePrune │ ├── mkdirp@0.5.1
67 silly idealTree:prePrune │ ├── ms@2.0.0
67 silly idealTree:prePrune │ ├── nan@2.9.2
67 silly idealTree:prePrune │ ├── needle@2.2.0
67 silly idealTree:prePrune │ ├── node-pre-gyp@0.9.0
67 silly idealTree:prePrune │ ├── nopt@4.0.1
67 silly idealTree:prePrune │ ├── npm-bundled@1.0.3
67 silly idealTree:prePrune │ ├── npm-packlist@1.1.10
67 silly idealTree:prePrune │ ├── npmlog@4.1.2
67 silly idealTree:prePrune │ ├── number-is-nan@1.0.1
67 silly idealTree:prePrune │ ├── object-assign@4.1.1
67 silly idealTree:prePrune │ ├── once@1.4.0
67 silly idealTree:prePrune │ ├── os-homedir@1.0.2
67 silly idealTree:prePrune │ ├── os-tmpdir@1.0.2
67 silly idealTree:prePrune │ ├── osenv@0.1.5
67 silly idealTree:prePrune │ ├── path-is-absolute@1.0.1
67 silly idealTree:prePrune │ ├── process-nextick-args@2.0.0
67 silly idealTree:prePrune │ ├─┬ rc@1.2.6
67 silly idealTree:prePrune │ │ └── minimist@1.2.0
67 silly idealTree:prePrune │ ├── readable-stream@2.3.5
67 silly idealTree:prePrune │ ├── rimraf@2.6.2
67 silly idealTree:prePrune │ ├── safe-buffer@5.1.1
67 silly idealTree:prePrune │ ├── sax@1.2.4
67 silly idealTree:prePrune │ ├── semver@5.5.0
67 silly idealTree:prePrune │ ├── set-blocking@2.0.0
67 silly idealTree:prePrune │ ├── signal-exit@3.0.2
67 silly idealTree:prePrune │ ├── string_decoder@1.0.3
67 silly idealTree:prePrune │ ├── string-width@1.0.2
67 silly idealTree:prePrune │ ├── strip-ansi@3.0.1
67 silly idealTree:prePrune │ ├── strip-json-comments@2.0.1
67 silly idealTree:prePrune │ ├── tar@4.4.0
67 silly idealTree:prePrune │ ├── util-deprecate@1.0.2
67 silly idealTree:prePrune │ ├── wide-align@1.1.2
67 silly idealTree:prePrune │ ├── wrappy@1.0.2
67 silly idealTree:prePrune │ └── yallist@3.0.2
67 silly idealTree:prePrune ├── sshpk@1.14.1
67 silly idealTree:prePrune ├── statuses@1.5.0
67 silly idealTree:prePrune ├── stringstream@0.0.5
67 silly idealTree:prePrune ├── tough-cookie@2.3.4
67 silly idealTree:prePrune ├── tunnel-agent@0.6.0
67 silly idealTree:prePrune ├── tweetnacl@0.14.5
67 silly idealTree:prePrune ├── type-is@1.6.16
67 silly idealTree:prePrune ├─┬ uglify-js@2.8.29
67 silly idealTree:prePrune │ └── source-map@0.5.7
67 silly idealTree:prePrune ├── uglify-to-browserify@1.0.2
67 silly idealTree:prePrune ├── uid-safe@2.1.5
67 silly idealTree:prePrune ├── unpipe@1.0.0
67 silly idealTree:prePrune ├── utils-merge@1.0.1
67 silly idealTree:prePrune ├── uuid@3.2.1
67 silly idealTree:prePrune ├── validator@10.2.0
67 silly idealTree:prePrune ├── vary@1.1.2
67 silly idealTree:prePrune ├── verror@1.10.0
67 silly idealTree:prePrune ├── window-size@0.1.0
67 silly idealTree:prePrune ├── wordwrap@0.0.3
67 silly idealTree:prePrune ├── wrappy@1.0.2
67 silly idealTree:prePrune └── yargs@3.10.0
68 silly loadIdealTree Finishing
69 silly currentTree site@0.0.0
69 silly currentTree ├── accepts@1.3.5
69 silly currentTree ├── ajv@5.5.2
69 silly currentTree ├── align-text@0.1.4
69 silly currentTree ├── amdefine@1.0.1
69 silly currentTree ├── array-flatten@1.1.1
69 silly currentTree ├── asap@2.0.6
69 silly currentTree ├── asn1@0.2.3
69 silly currentTree ├── assert-plus@1.0.0
69 silly currentTree ├── async@1.5.2
69 silly currentTree ├── asynckit@0.4.0
69 silly currentTree ├── aws-sign2@0.7.0
69 silly currentTree ├── aws4@1.7.0
69 silly currentTree ├── balanced-match@1.0.0
69 silly currentTree ├── basic-auth@2.0.0
69 silly currentTree ├── bcrypt-pbkdf@1.0.1
69 silly currentTree ├─┬ bcrypt@2.0.1
69 silly currentTree │ ├── abbrev@1.1.1
69 silly currentTree │ ├── ansi-regex@2.1.1
69 silly currentTree │ ├── aproba@1.2.0
69 silly currentTree │ ├── are-we-there-yet@1.1.4
69 silly currentTree │ ├── balanced-match@1.0.0
69 silly currentTree │ ├── brace-expansion@1.1.11
69 silly currentTree │ ├── chownr@1.0.1
69 silly currentTree │ ├── code-point-at@1.1.0
69 silly currentTree │ ├── concat-map@0.0.1
69 silly currentTree │ ├── console-control-strings@1.1.0
69 silly currentTree │ ├── core-util-is@1.0.2
69 silly currentTree │ ├── debug@2.6.9
69 silly currentTree │ ├── deep-extend@0.4.2
69 silly currentTree │ ├── delegates@1.0.0
69 silly currentTree │ ├── detect-libc@1.0.3
69 silly currentTree │ ├── fs-minipass@1.2.5
69 silly currentTree │ ├── fs.realpath@1.0.0
69 silly currentTree │ ├── gauge@2.7.4
69 silly currentTree │ ├── glob@7.1.2
69 silly currentTree │ ├── has-unicode@2.0.1
69 silly currentTree │ ├── iconv-lite@0.4.21
69 silly currentTree │ ├── ignore-walk@3.0.1
69 silly currentTree │ ├── inflight@1.0.6
69 silly currentTree │ ├── inherits@2.0.3
69 silly currentTree │ ├── ini@1.3.5
69 silly currentTree │ ├── is-fullwidth-code-point@1.0.0
69 silly currentTree │ ├── isarray@1.0.0
69 silly currentTree │ ├── minimatch@3.0.4
69 silly currentTree │ ├── minimist@0.0.8
69 silly currentTree │ ├─┬ minipass@2.2.4
69 silly currentTree │ │ └── yallist@3.0.2
69 silly currentTree │ ├── minizlib@1.1.0
69 silly currentTree │ ├── mkdirp@0.5.1
69 silly currentTree │ ├── ms@2.0.0
69 silly currentTree │ ├── needle@2.2.0
69 silly currentTree │ ├── node-pre-gyp@0.9.1
69 silly currentTree │ ├── nopt@4.0.1
69 silly currentTree │ ├── npm-bundled@1.0.3
69 silly currentTree │ ├── npm-packlist@1.1.10
69 silly currentTree │ ├── npmlog@4.1.2
69 silly currentTree │ ├── number-is-nan@1.0.1
69 silly currentTree │ ├── object-assign@4.1.1
69 silly currentTree │ ├── once@1.4.0
69 silly currentTree │ ├── os-homedir@1.0.2
69 silly currentTree │ ├── os-tmpdir@1.0.2
69 silly currentTree │ ├── osenv@0.1.5
69 silly currentTree │ ├── path-is-absolute@1.0.1
69 silly currentTree │ ├── process-nextick-args@2.0.0
69 silly currentTree │ ├─┬ rc@1.2.6
69 silly currentTree │ │ └── minimist@1.2.0
69 silly currentTree │ ├── readable-stream@2.3.5
69 silly currentTree │ ├── rimraf@2.6.2
69 silly currentTree │ ├── safe-buffer@5.1.1
69 silly currentTree │ ├── safer-buffer@2.1.2
69 silly currentTree │ ├── sax@1.2.4
69 silly currentTree │ ├── semver@5.5.0
69 silly currentTree │ ├── set-blocking@2.0.0
69 silly currentTree │ ├── signal-exit@3.0.2
69 silly currentTree │ ├── string_decoder@1.0.3
69 silly currentTree │ ├── string-width@1.0.2
69 silly currentTree │ ├── strip-ansi@3.0.1
69 silly currentTree │ ├── strip-json-comments@2.0.1
69 silly currentTree │ ├─┬ tar@4.4.1
69 silly currentTree │ │ └── yallist@3.0.2
69 silly currentTree │ ├── util-deprecate@1.0.2
69 silly currentTree │ ├── wide-align@1.1.2
69 silly currentTree │ └── wrappy@1.0.2
69 silly currentTree ├── body-parser@1.18.2
69 silly currentTree ├── boom@4.3.1
69 silly currentTree ├── brace-expansion@1.1.11
69 silly currentTree ├── bytes@3.0.0
69 silly currentTree ├── camelcase@1.2.1
69 silly currentTree ├── caseless@0.12.0
69 silly currentTree ├── center-align@0.1.3
69 silly currentTree ├── chart.js@2.7.2
69 silly currentTree ├── chartjs-color-string@0.5.0
69 silly currentTree ├── chartjs-color@2.2.0
69 silly currentTree ├─┬ cliui@2.1.0
69 silly currentTree │ └── wordwrap@0.0.2
69 silly currentTree ├── co@4.6.0
69 silly currentTree ├── color-convert@0.5.3
69 silly currentTree ├── color-name@1.1.3
69 silly currentTree ├── combined-stream@1.0.6
69 silly currentTree ├── concat-map@0.0.1
69 silly currentTree ├── connect-sqlite3@0.9.11
69 silly currentTree ├── content-disposition@0.5.2
69 silly currentTree ├── content-type@1.0.4
69 silly currentTree ├── cookie-parser@1.4.3
69 silly currentTree ├── cookie-signature@1.0.6
69 silly currentTree ├── cookie@0.3.1
69 silly currentTree ├── core-util-is@1.0.2
69 silly currentTree ├── crc@3.4.4
69 silly currentTree ├─┬ cryptiles@3.1.2
69 silly currentTree │ └── boom@5.2.0
69 silly currentTree ├── dashdash@1.14.1
69 silly currentTree ├── debug@2.6.9
69 silly currentTree ├── decamelize@1.2.0
69 silly currentTree ├── define-properties@1.1.2
69 silly currentTree ├── delayed-stream@1.0.0
69 silly currentTree ├── depd@1.1.2
69 silly currentTree ├── destroy@1.0.4
69 silly currentTree ├── ecc-jsbn@0.1.1
69 silly currentTree ├── ee-first@1.1.1
69 silly currentTree ├── encodeurl@1.0.2
69 silly currentTree ├── escape-html@1.0.3
69 silly currentTree ├── etag@1.8.1
69 silly currentTree ├── express-handlebars@3.0.0
69 silly currentTree ├── express-session@1.15.6
69 silly currentTree ├── express-validator@5.2.0
69 silly currentTree ├─┬ express@4.16.3
69 silly currentTree │ └── statuses@1.4.0
69 silly currentTree ├── extend@3.0.1
69 silly currentTree ├── extsprintf@1.3.0
69 silly currentTree ├── fast-deep-equal@1.1.0
69 silly currentTree ├── fast-json-stable-stringify@2.0.0
69 silly currentTree ├─┬ finalhandler@1.1.1
69 silly currentTree │ └── statuses@1.4.0
69 silly currentTree ├── foreach@2.0.5
69 silly currentTree ├── forever-agent@0.6.1
69 silly currentTree ├── form-data@2.3.2
69 silly currentTree ├── forwarded@0.1.2
69 silly currentTree ├── fresh@0.5.2
69 silly currentTree ├── function-bind@1.1.1
69 silly currentTree ├── getpass@0.1.7
69 silly currentTree ├── glob@6.0.4
69 silly currentTree ├── graceful-fs@4.1.11
69 silly currentTree ├── handlebars@4.0.11
69 silly currentTree ├── har-schema@2.0.0
69 silly currentTree ├── har-validator@5.0.3
69 silly currentTree ├── has-symbols@1.0.0
69 silly currentTree ├── hawk@6.0.2
69 silly currentTree ├── hoek@4.2.1
69 silly currentTree ├── http-errors@1.6.3
69 silly currentTree ├── http-signature@1.2.0
69 silly currentTree ├── https@1.0.0
69 silly currentTree ├── iconv-lite@0.4.19
69 silly currentTree ├── inflight@1.0.6
69 silly currentTree ├── inherits@2.0.3
69 silly currentTree ├── ipaddr.js@1.6.0
69 silly currentTree ├── is-buffer@1.1.6
69 silly currentTree ├── is-typedarray@1.0.0
69 silly currentTree ├── isstream@0.1.2
69 silly currentTree ├── jquery@3.3.1
69 silly currentTree ├── jsbn@0.1.1
69 silly currentTree ├── json-schema-traverse@0.3.1
69 silly currentTree ├── json-schema@0.2.3
69 silly currentTree ├── json-stringify-safe@5.0.1
69 silly currentTree ├── jsprim@1.4.1
69 silly currentTree ├── kind-of@3.2.2
69 silly currentTree ├── lazy-cache@1.0.4
69 silly currentTree ├── lodash@4.17.10
69 silly currentTree ├── longest@1.0.1
69 silly currentTree ├── media-typer@0.3.0
69 silly currentTree ├── merge-descriptors@1.0.1
69 silly currentTree ├── methods@1.1.2
69 silly currentTree ├── mime-db@1.33.0
69 silly currentTree ├── mime-types@2.1.18
69 silly currentTree ├── mime@1.4.1
69 silly currentTree ├── minimatch@3.0.4
69 silly currentTree ├── minimist@0.0.10
69 silly currentTree ├── moment@2.22.1
69 silly currentTree ├── morgan@1.9.0
69 silly currentTree ├── ms@2.0.0
69 silly currentTree ├── nan@2.10.0
69 silly currentTree ├── negotiator@0.6.1
69 silly currentTree ├── oauth-sign@0.8.2
69 silly currentTree ├── object-keys@1.0.11
69 silly currentTree ├── object.assign@4.1.0
69 silly currentTree ├── on-finished@2.3.0
69 silly currentTree ├── on-headers@1.0.1
69 silly currentTree ├── once@1.4.0
69 silly currentTree ├── optimist@0.6.1
69 silly currentTree ├── parseurl@1.3.2
69 silly currentTree ├── passport-local@1.0.0
69 silly currentTree ├── passport-strategy@1.0.0
69 silly currentTree ├── passport@0.4.0
69 silly currentTree ├── path-is-absolute@1.0.1
69 silly currentTree ├── path-to-regexp@0.1.7
69 silly currentTree ├── pause@0.0.1
69 silly currentTree ├── performance-now@2.1.0
69 silly currentTree ├── promise@7.3.1
69 silly currentTree ├── proxy-addr@2.0.3
69 silly currentTree ├── punycode@1.4.1
69 silly currentTree ├── qs@6.5.1
69 silly currentTree ├── random-bytes@1.0.0
69 silly currentTree ├── range-parser@1.2.0
69 silly currentTree ├─┬ raw-body@2.3.2
69 silly currentTree │ ├── depd@1.1.1
69 silly currentTree │ ├── http-errors@1.6.2
69 silly currentTree │ └── setprototypeof@1.0.3
69 silly currentTree ├── repeat-string@1.6.1
69 silly currentTree ├── request@2.85.0
69 silly currentTree ├── right-align@0.1.3
69 silly currentTree ├── safe-buffer@5.1.1
69 silly currentTree ├─┬ send@0.16.2
69 silly currentTree │ └── statuses@1.4.0
69 silly currentTree ├── serve-static@1.13.2
69 silly currentTree ├── setprototypeof@1.1.0
69 silly currentTree ├── sntp@2.1.0
69 silly currentTree ├── source-map@0.4.4
69 silly currentTree ├─┬ sqlite3@4.0.0
69 silly currentTree │ ├── abbrev@1.1.1
69 silly currentTree │ ├── ansi-regex@2.1.1
69 silly currentTree │ ├── aproba@1.2.0
69 silly currentTree │ ├── are-we-there-yet@1.1.4
69 silly currentTree │ ├── balanced-match@1.0.0
69 silly currentTree │ ├── brace-expansion@1.1.11
69 silly currentTree │ ├── chownr@1.0.1
69 silly currentTree │ ├── code-point-at@1.1.0
69 silly currentTree │ ├── concat-map@0.0.1
69 silly currentTree │ ├── console-control-strings@1.1.0
69 silly currentTree │ ├── core-util-is@1.0.2
69 silly currentTree │ ├── debug@2.6.9
69 silly currentTree │ ├── deep-extend@0.4.2
69 silly currentTree │ ├── delegates@1.0.0
69 silly currentTree │ ├── detect-libc@1.0.3
69 silly currentTree │ ├── fs-minipass@1.2.5
69 silly currentTree │ ├── fs.realpath@1.0.0
69 silly currentTree │ ├── gauge@2.7.4
69 silly currentTree │ ├── glob@7.1.2
69 silly currentTree │ ├── has-unicode@2.0.1
69 silly currentTree │ ├── iconv-lite@0.4.19
69 silly currentTree │ ├── ignore-walk@3.0.1
69 silly currentTree │ ├── inflight@1.0.6
69 silly currentTree │ ├── inherits@2.0.3
69 silly currentTree │ ├── ini@1.3.5
69 silly currentTree │ ├── is-fullwidth-code-point@1.0.0
69 silly currentTree │ ├── isarray@1.0.0
69 silly currentTree │ ├── minimatch@3.0.4
69 silly currentTree │ ├── minimist@0.0.8
69 silly currentTree │ ├── minipass@2.2.1
69 silly currentTree │ ├── minizlib@1.1.0
69 silly currentTree │ ├── mkdirp@0.5.1
69 silly currentTree │ ├── ms@2.0.0
69 silly currentTree │ ├── nan@2.9.2
69 silly currentTree │ ├── needle@2.2.0
69 silly currentTree │ ├── node-pre-gyp@0.9.0
69 silly currentTree │ ├── nopt@4.0.1
69 silly currentTree │ ├── npm-bundled@1.0.3
69 silly currentTree │ ├── npm-packlist@1.1.10
69 silly currentTree │ ├── npmlog@4.1.2
69 silly currentTree │ ├── number-is-nan@1.0.1
69 silly currentTree │ ├── object-assign@4.1.1
69 silly currentTree │ ├── once@1.4.0
69 silly currentTree │ ├── os-homedir@1.0.2
69 silly currentTree │ ├── os-tmpdir@1.0.2
69 silly currentTree │ ├── osenv@0.1.5
69 silly currentTree │ ├── path-is-absolute@1.0.1
69 silly currentTree │ ├── process-nextick-args@2.0.0
69 silly currentTree │ ├─┬ rc@1.2.6
69 silly currentTree │ │ └── minimist@1.2.0
69 silly currentTree │ ├── readable-stream@2.3.5
69 silly currentTree │ ├── rimraf@2.6.2
69 silly currentTree │ ├── safe-buffer@5.1.1
69 silly currentTree │ ├── sax@1.2.4
69 silly currentTree │ ├── semver@5.5.0
69 silly currentTree │ ├── set-blocking@2.0.0
69 silly currentTree │ ├── signal-exit@3.0.2
69 silly currentTree │ ├── string_decoder@1.0.3
69 silly currentTree │ ├── string-width@1.0.2
69 silly currentTree │ ├── strip-ansi@3.0.1
69 silly currentTree │ ├── strip-json-comments@2.0.1
69 silly currentTree │ ├── tar@4.4.0
69 silly currentTree │ ├── util-deprecate@1.0.2
69 silly currentTree │ ├── wide-align@1.1.2
69 silly currentTree │ ├── wrappy@1.0.2
69 silly currentTree │ └── yallist@3.0.2
69 silly currentTree ├── sshpk@1.14.1
69 silly currentTree ├── statuses@1.5.0
69 silly currentTree ├── stringstream@0.0.5
69 silly currentTree ├── tough-cookie@2.3.4
69 silly currentTree ├── tunnel-agent@0.6.0
69 silly currentTree ├── tweetnacl@0.14.5
69 silly currentTree ├── type-is@1.6.16
69 silly currentTree ├─┬ uglify-js@2.8.29
69 silly currentTree │ └── source-map@0.5.7
69 silly currentTree ├── uglify-to-browserify@1.0.2
69 silly currentTree ├── uid-safe@2.1.5
69 silly currentTree ├── unpipe@1.0.0
69 silly currentTree ├── utils-merge@1.0.1
69 silly currentTree ├── uuid@3.2.1
69 silly currentTree ├── validator@10.2.0
69 silly currentTree ├── vary@1.1.2
69 silly currentTree ├── verror@1.10.0
69 silly currentTree ├── window-size@0.1.0
69 silly currentTree ├── wordwrap@0.0.3
69 silly currentTree ├── wrappy@1.0.2
69 silly currentTree └── yargs@3.10.0
70 silly idealTree site@0.0.0
70 silly idealTree ├── accepts@1.3.5
70 silly idealTree ├── ajv@5.5.2
70 silly idealTree ├── align-text@0.1.4
70 silly idealTree ├── amdefine@1.0.1
70 silly idealTree ├── array-flatten@1.1.1
70 silly idealTree ├── asap@2.0.6
70 silly idealTree ├── asn1@0.2.3
70 silly idealTree ├── assert-plus@1.0.0
70 silly idealTree ├── async@1.5.2
70 silly idealTree ├── asynckit@0.4.0
70 silly idealTree ├── aws-sign2@0.7.0
70 silly idealTree ├── aws4@1.7.0
70 silly idealTree ├── balanced-match@1.0.0
70 silly idealTree ├── basic-auth@2.0.0
70 silly idealTree ├── bcrypt-pbkdf@1.0.1
70 silly idealTree ├─┬ bcrypt@2.0.1
70 silly idealTree │ ├── abbrev@1.1.1
70 silly idealTree │ ├── ansi-regex@2.1.1
70 silly idealTree │ ├── aproba@1.2.0
70 silly idealTree │ ├── are-we-there-yet@1.1.4
70 silly idealTree │ ├── balanced-match@1.0.0
70 silly idealTree │ ├── brace-expansion@1.1.11
70 silly idealTree │ ├── chownr@1.0.1
70 silly idealTree │ ├── code-point-at@1.1.0
70 silly idealTree │ ├── concat-map@0.0.1
70 silly idealTree │ ├── console-control-strings@1.1.0
70 silly idealTree │ ├── core-util-is@1.0.2
70 silly idealTree │ ├── debug@2.6.9
70 silly idealTree │ ├── deep-extend@0.4.2
70 silly idealTree │ ├── delegates@1.0.0
70 silly idealTree │ ├── detect-libc@1.0.3
70 silly idealTree │ ├── fs-minipass@1.2.5
70 silly idealTree │ ├── fs.realpath@1.0.0
70 silly idealTree │ ├── gauge@2.7.4
70 silly idealTree │ ├── glob@7.1.2
70 silly idealTree │ ├── has-unicode@2.0.1
70 silly idealTree │ ├── iconv-lite@0.4.21
70 silly idealTree │ ├── ignore-walk@3.0.1
70 silly idealTree │ ├── inflight@1.0.6
70 silly idealTree │ ├── inherits@2.0.3
70 silly idealTree │ ├── ini@1.3.5
70 silly idealTree │ ├── is-fullwidth-code-point@1.0.0
70 silly idealTree │ ├── isarray@1.0.0
70 silly idealTree │ ├── minimatch@3.0.4
70 silly idealTree │ ├── minimist@0.0.8
70 silly idealTree │ ├─┬ minipass@2.2.4
70 silly idealTree │ │ └── yallist@3.0.2
70 silly idealTree │ ├── minizlib@1.1.0
70 silly idealTree │ ├── mkdirp@0.5.1
70 silly idealTree │ ├── ms@2.0.0
70 silly idealTree │ ├── needle@2.2.0
70 silly idealTree │ ├── node-pre-gyp@0.9.1
70 silly idealTree │ ├── nopt@4.0.1
70 silly idealTree │ ├── npm-bundled@1.0.3
70 silly idealTree │ ├── npm-packlist@1.1.10
70 silly idealTree │ ├── npmlog@4.1.2
70 silly idealTree │ ├── number-is-nan@1.0.1
70 silly idealTree │ ├── object-assign@4.1.1
70 silly idealTree │ ├── once@1.4.0
70 silly idealTree │ ├── os-homedir@1.0.2
70 silly idealTree │ ├── os-tmpdir@1.0.2
70 silly idealTree │ ├── osenv@0.1.5
70 silly idealTree │ ├── path-is-absolute@1.0.1
70 silly idealTree │ ├── process-nextick-args@2.0.0
70 silly idealTree │ ├─┬ rc@1.2.6
70 silly idealTree │ │ └── minimist@1.2.0
70 silly idealTree │ ├── readable-stream@2.3.5
70 silly idealTree │ ├── rimraf@2.6.2
70 silly idealTree │ ├── safe-buffer@5.1.1
70 silly idealTree │ ├── safer-buffer@2.1.2
70 silly idealTree │ ├── sax@1.2.4
70 silly idealTree │ ├── semver@5.5.0
70 silly idealTree │ ├── set-blocking@2.0.0
70 silly idealTree │ ├── signal-exit@3.0.2
70 silly idealTree │ ├── string_decoder@1.0.3
70 silly idealTree │ ├── string-width@1.0.2
70 silly idealTree │ ├── strip-ansi@3.0.1
70 silly idealTree │ ├── strip-json-comments@2.0.1
70 silly idealTree │ ├─┬ tar@4.4.1
70 silly idealTree │ │ └── yallist@3.0.2
70 silly idealTree │ ├── util-deprecate@1.0.2
70 silly idealTree │ ├── wide-align@1.1.2
70 silly idealTree │ └── wrappy@1.0.2
70 silly idealTree ├── body-parser@1.18.2
70 silly idealTree ├── boom@4.3.1
70 silly idealTree ├── brace-expansion@1.1.11
70 silly idealTree ├── bytes@3.0.0
70 silly idealTree ├── camelcase@1.2.1
70 silly idealTree ├── canvas@1.6.10
70 silly idealTree ├── caseless@0.12.0
70 silly idealTree ├── center-align@0.1.3
70 silly idealTree ├── chart.js@2.7.2
70 silly idealTree ├── chartjs-color-string@0.5.0
70 silly idealTree ├── chartjs-color@2.2.0
70 silly idealTree ├─┬ cliui@2.1.0
70 silly idealTree │ └── wordwrap@0.0.2
70 silly idealTree ├── co@4.6.0
70 silly idealTree ├── color-convert@0.5.3
70 silly idealTree ├── color-name@1.1.3
70 silly idealTree ├── combined-stream@1.0.6
70 silly idealTree ├── concat-map@0.0.1
70 silly idealTree ├── connect-sqlite3@0.9.11
70 silly idealTree ├── content-disposition@0.5.2
70 silly idealTree ├── content-type@1.0.4
70 silly idealTree ├── cookie-parser@1.4.3
70 silly idealTree ├── cookie-signature@1.0.6
70 silly idealTree ├── cookie@0.3.1
70 silly idealTree ├── core-util-is@1.0.2
70 silly idealTree ├── crc@3.4.4
70 silly idealTree ├─┬ cryptiles@3.1.2
70 silly idealTree │ └── boom@5.2.0
70 silly idealTree ├── dashdash@1.14.1
70 silly idealTree ├── debug@2.6.9
70 silly idealTree ├── decamelize@1.2.0
70 silly idealTree ├── define-properties@1.1.2
70 silly idealTree ├── delayed-stream@1.0.0
70 silly idealTree ├── depd@1.1.2
70 silly idealTree ├── destroy@1.0.4
70 silly idealTree ├── ecc-jsbn@0.1.1
70 silly idealTree ├── ee-first@1.1.1
70 silly idealTree ├── encodeurl@1.0.2
70 silly idealTree ├── escape-html@1.0.3
70 silly idealTree ├── etag@1.8.1
70 silly idealTree ├── express-handlebars@3.0.0
70 silly idealTree ├── express-session@1.15.6
70 silly idealTree ├── express-validator@5.2.0
70 silly idealTree ├─┬ express@4.16.3
70 silly idealTree │ └── statuses@1.4.0
70 silly idealTree ├── extend@3.0.1
70 silly idealTree ├── extsprintf@1.3.0
70 silly idealTree ├── fast-deep-equal@1.1.0
70 silly idealTree ├── fast-json-stable-stringify@2.0.0
70 silly idealTree ├─┬ finalhandler@1.1.1
70 silly idealTree │ └── statuses@1.4.0
70 silly idealTree ├── foreach@2.0.5
70 silly idealTree ├── forever-agent@0.6.1
70 silly idealTree ├── form-data@2.3.2
70 silly idealTree ├── forwarded@0.1.2
70 silly idealTree ├── fresh@0.5.2
70 silly idealTree ├── function-bind@1.1.1
70 silly idealTree ├── getpass@0.1.7
70 silly idealTree ├── glob@6.0.4
70 silly idealTree ├── graceful-fs@4.1.11
70 silly idealTree ├── handlebars@4.0.11
70 silly idealTree ├── har-schema@2.0.0
70 silly idealTree ├── har-validator@5.0.3
70 silly idealTree ├── has-symbols@1.0.0
70 silly idealTree ├── hawk@6.0.2
70 silly idealTree ├── hoek@4.2.1
70 silly idealTree ├── http-errors@1.6.3
70 silly idealTree ├── http-signature@1.2.0
70 silly idealTree ├── https@1.0.0
70 silly idealTree ├── iconv-lite@0.4.19
70 silly idealTree ├── inflight@1.0.6
70 silly idealTree ├── inherits@2.0.3
70 silly idealTree ├── ipaddr.js@1.6.0
70 silly idealTree ├── is-buffer@1.1.6
70 silly idealTree ├── is-typedarray@1.0.0
70 silly idealTree ├── isstream@0.1.2
70 silly idealTree ├── jquery@3.3.1
70 silly idealTree ├── jsbn@0.1.1
70 silly idealTree ├── json-schema-traverse@0.3.1
70 silly idealTree ├── json-schema@0.2.3
70 silly idealTree ├── json-stringify-safe@5.0.1
70 silly idealTree ├── jsprim@1.4.1
70 silly idealTree ├── kind-of@3.2.2
70 silly idealTree ├── lazy-cache@1.0.4
70 silly idealTree ├── lodash@4.17.10
70 silly idealTree ├── longest@1.0.1
70 silly idealTree ├── media-typer@0.3.0
70 silly idealTree ├── merge-descriptors@1.0.1
70 silly idealTree ├── methods@1.1.2
70 silly idealTree ├── mime-db@1.33.0
70 silly idealTree ├── mime-types@2.1.18
70 silly idealTree ├── mime@1.4.1
70 silly idealTree ├── minimatch@3.0.4
70 silly idealTree ├── minimist@0.0.10
70 silly idealTree ├── moment@2.22.1
70 silly idealTree ├── morgan@1.9.0
70 silly idealTree ├── ms@2.0.0
70 silly idealTree ├── nan@2.10.0
70 silly idealTree ├── negotiator@0.6.1
70 silly idealTree ├── oauth-sign@0.8.2
70 silly idealTree ├── object-keys@1.0.11
70 silly idealTree ├── object.assign@4.1.0
70 silly idealTree ├── on-finished@2.3.0
70 silly idealTree ├── on-headers@1.0.1
70 silly idealTree ├── once@1.4.0
70 silly idealTree ├── optimist@0.6.1
70 silly idealTree ├── parseurl@1.3.2
70 silly idealTree ├── passport-local@1.0.0
70 silly idealTree ├── passport-strategy@1.0.0
70 silly idealTree ├── passport@0.4.0
70 silly idealTree ├── path-is-absolute@1.0.1
70 silly idealTree ├── path-to-regexp@0.1.7
70 silly idealTree ├── pause@0.0.1
70 silly idealTree ├── performance-now@2.1.0
70 silly idealTree ├── promise@7.3.1
70 silly idealTree ├── proxy-addr@2.0.3
70 silly idealTree ├── punycode@1.4.1
70 silly idealTree ├── qs@6.5.1
70 silly idealTree ├── random-bytes@1.0.0
70 silly idealTree ├── range-parser@1.2.0
70 silly idealTree ├─┬ raw-body@2.3.2
70 silly idealTree │ ├── depd@1.1.1
70 silly idealTree │ ├── http-errors@1.6.2
70 silly idealTree │ └── setprototypeof@1.0.3
70 silly idealTree ├── repeat-string@1.6.1
70 silly idealTree ├── request@2.85.0
70 silly idealTree ├── right-align@0.1.3
70 silly idealTree ├── safe-buffer@5.1.1
70 silly idealTree ├─┬ send@0.16.2
70 silly idealTree │ └── statuses@1.4.0
70 silly idealTree ├── serve-static@1.13.2
70 silly idealTree ├── setprototypeof@1.1.0
70 silly idealTree ├── sntp@2.1.0
70 silly idealTree ├── source-map@0.4.4
70 silly idealTree ├─┬ sqlite3@4.0.0
70 silly idealTree │ ├── abbrev@1.1.1
70 silly idealTree │ ├── ansi-regex@2.1.1
70 silly idealTree │ ├── aproba@1.2.0
70 silly idealTree │ ├── are-we-there-yet@1.1.4
70 silly idealTree │ ├── balanced-match@1.0.0
70 silly idealTree │ ├── brace-expansion@1.1.11
70 silly idealTree │ ├── chownr@1.0.1
70 silly idealTree │ ├── code-point-at@1.1.0
70 silly idealTree │ ├── concat-map@0.0.1
70 silly idealTree │ ├── console-control-strings@1.1.0
70 silly idealTree │ ├── core-util-is@1.0.2
70 silly idealTree │ ├── debug@2.6.9
70 silly idealTree │ ├── deep-extend@0.4.2
70 silly idealTree │ ├── delegates@1.0.0
70 silly idealTree │ ├── detect-libc@1.0.3
70 silly idealTree │ ├── fs-minipass@1.2.5
70 silly idealTree │ ├── fs.realpath@1.0.0
70 silly idealTree │ ├── gauge@2.7.4
70 silly idealTree │ ├── glob@7.1.2
70 silly idealTree │ ├── has-unicode@2.0.1
70 silly idealTree │ ├── iconv-lite@0.4.19
70 silly idealTree │ ├── ignore-walk@3.0.1
70 silly idealTree │ ├── inflight@1.0.6
70 silly idealTree │ ├── inherits@2.0.3
70 silly idealTree │ ├── ini@1.3.5
70 silly idealTree │ ├── is-fullwidth-code-point@1.0.0
70 silly idealTree │ ├── isarray@1.0.0
70 silly idealTree │ ├── minimatch@3.0.4
70 silly idealTree │ ├── minimist@0.0.8
70 silly idealTree │ ├── minipass@2.2.1
70 silly idealTree │ ├── minizlib@1.1.0
70 silly idealTree │ ├── mkdirp@0.5.1
70 silly idealTree │ ├── ms@2.0.0
70 silly idealTree │ ├── nan@2.9.2
70 silly idealTree │ ├── needle@2.2.0
70 silly idealTree │ ├── node-pre-gyp@0.9.0
70 silly idealTree │ ├── nopt@4.0.1
70 silly idealTree │ ├── npm-bundled@1.0.3
70 silly idealTree │ ├── npm-packlist@1.1.10
70 silly idealTree │ ├── npmlog@4.1.2
70 silly idealTree │ ├── number-is-nan@1.0.1
70 silly idealTree │ ├── object-assign@4.1.1
70 silly idealTree │ ├── once@1.4.0
70 silly idealTree │ ├── os-homedir@1.0.2
70 silly idealTree │ ├── os-tmpdir@1.0.2
70 silly idealTree │ ├── osenv@0.1.5
70 silly idealTree │ ├── path-is-absolute@1.0.1
70 silly idealTree │ ├── process-nextick-args@2.0.0
70 silly idealTree │ ├─┬ rc@1.2.6
70 silly idealTree │ │ └── minimist@1.2.0
70 silly idealTree │ ├── readable-stream@2.3.5
70 silly idealTree │ ├── rimraf@2.6.2
70 silly idealTree │ ├── safe-buffer@5.1.1
70 silly idealTree │ ├── sax@1.2.4
70 silly idealTree │ ├── semver@5.5.0
70 silly idealTree │ ├── set-blocking@2.0.0
70 silly idealTree │ ├── signal-exit@3.0.2
70 silly idealTree │ ├── string_decoder@1.0.3
70 silly idealTree │ ├── string-width@1.0.2
70 silly idealTree │ ├── strip-ansi@3.0.1
70 silly idealTree │ ├── strip-json-comments@2.0.1
70 silly idealTree │ ├── tar@4.4.0
70 silly idealTree │ ├── util-deprecate@1.0.2
70 silly idealTree │ ├── wide-align@1.1.2
70 silly idealTree │ ├── wrappy@1.0.2
70 silly idealTree │ └── yallist@3.0.2
70 silly idealTree ├── sshpk@1.14.1
70 silly idealTree ├── statuses@1.5.0
70 silly idealTree ├── stringstream@0.0.5
70 silly idealTree ├── tough-cookie@2.3.4
70 silly idealTree ├── tunnel-agent@0.6.0
70 silly idealTree ├── tweetnacl@0.14.5
70 silly idealTree ├── type-is@1.6.16
70 silly idealTree ├─┬ uglify-js@2.8.29
70 silly idealTree │ └── source-map@0.5.7
70 silly idealTree ├── uglify-to-browserify@1.0.2
70 silly idealTree ├── uid-safe@2.1.5
70 silly idealTree ├── unpipe@1.0.0
70 silly idealTree ├── utils-merge@1.0.1
70 silly idealTree ├── uuid@3.2.1
70 silly idealTree ├── validator@10.2.0
70 silly idealTree ├── vary@1.1.2
70 silly idealTree ├── verror@1.10.0
70 silly idealTree ├── window-size@0.1.0
70 silly idealTree ├── wordwrap@0.0.3
70 silly idealTree ├── wrappy@1.0.2
70 silly idealTree └── yargs@3.10.0
71 silly generateActionsToTake Starting
72 silly install generateActionsToTake
73 silly generateActionsToTake Finishing
74 silly diffTrees action count 1
75 silly diffTrees add canvas@1.6.10
76 silly decomposeActions action count 8
77 silly decomposeActions fetch canvas@1.6.10
78 silly decomposeActions extract canvas@1.6.10
79 silly decomposeActions test canvas@1.6.10
80 silly decomposeActions preinstall canvas@1.6.10
81 silly decomposeActions build canvas@1.6.10
82 silly decomposeActions install canvas@1.6.10
83 silly decomposeActions postinstall canvas@1.6.10
84 silly decomposeActions finalize canvas@1.6.10
85 silly executeActions Starting
86 silly install executeActions
87 silly doSerial global-install 0
88 silly doParallel fetch 1
89 verbose lock using /home/ellisp97/.npm/_locks/staging-d9347069f5a12807.lock for /home/ellisp97/Desktop/3rdYear/webtech/web-technologies/site/node_modules/.staging
90 silly doParallel extract 1
91 silly extract canvas@1.6.10
92 verbose unbuild node_modules/.staging/canvas-c6e9b709
93 silly gentlyRm /home/ellisp97/Desktop/3rdYear/webtech/web-technologies/site/node_modules/.staging/canvas-c6e9b709 is being purged from base /home/ellisp97/Desktop/3rdYear/webtech/web-technologies/site
94 verbose gentlyRm don't care about contents; nuking /home/ellisp97/Desktop/3rdYear/webtech/web-technologies/site/node_modules/.staging/canvas-c6e9b709
95 verbose tar unpack /home/ellisp97/.npm/canvas/1.6.10/package.tgz
96 verbose tar unpacking to /home/ellisp97/Desktop/3rdYear/webtech/web-technologies/site/node_modules/.staging/canvas-c6e9b709
97 silly gentlyRm /home/ellisp97/Desktop/3rdYear/webtech/web-technologies/site/node_modules/.staging/canvas-c6e9b709 is being purged
98 verbose gentlyRm don't care about contents; nuking /home/ellisp97/Desktop/3rdYear/webtech/web-technologies/site/node_modules/.staging/canvas-c6e9b709
99 silly gunzTarPerm modes [ '755', '644' ]
100 silly gunzTarPerm extractEntry package.json
101 silly gunzTarPerm extractEntry .travis.yml
102 silly gunzTarPerm extractEntry binding.gyp
103 silly gunzTarPerm extractEntry History.md
104 silly gunzTarPerm extractEntry index.js
105 silly gunzTarPerm extractEntry Readme.md
106 silly gunzTarPerm extractEntry .github/ISSUE_TEMPLATE.md
107 silly gunzTarPerm extractEntry .vscode/c_cpp_properties.json
108 silly gunzTarPerm extractEntry .vscode/settings.json
109 silly gunzTarPerm extractEntry lib/bindings.js
110 silly gunzTarPerm extractEntry lib/canvas.js
111 silly gunzTarPerm extractEntry lib/context2d.js
112 silly gunzTarPerm extractEntry lib/image.js
113 silly gunzTarPerm extractEntry lib/jpegstream.js
114 silly gunzTarPerm extractEntry lib/parse-font.js
115 silly gunzTarPerm extractEntry lib/pdfstream.js
116 silly gunzTarPerm extractEntry lib/pngstream.js
117 silly gunzTarPerm extractEntry src/Canvas.cc
118 silly gunzTarPerm extractEntry src/Canvas.h
119 silly gunzTarPerm extractEntry src/CanvasGradient.cc
120 silly gunzTarPerm extractEntry src/CanvasGradient.h
121 silly gunzTarPerm extractEntry src/CanvasPattern.cc
122 silly gunzTarPerm extractEntry src/CanvasPattern.h
123 silly gunzTarPerm extractEntry src/CanvasRenderingContext2d.cc
124 silly gunzTarPerm extractEntry src/CanvasRenderingContext2d.h
125 silly gunzTarPerm extractEntry src/closure.h
126 silly gunzTarPerm extractEntry src/color.cc
127 silly gunzTarPerm extractEntry src/color.h
128 silly gunzTarPerm extractEntry src/FontFace.cc
129 silly gunzTarPerm extractEntry src/FontFace.h
130 silly gunzTarPerm extractEntry src/Image.cc
131 silly gunzTarPerm extractEntry src/Image.h
132 silly gunzTarPerm extractEntry src/ImageData.cc
133 silly gunzTarPerm extractEntry src/ImageData.h
134 silly gunzTarPerm extractEntry src/init.cc
135 silly gunzTarPerm extractEntry src/JPEGStream.h
136 silly gunzTarPerm extractEntry src/PNG.h
137 silly gunzTarPerm extractEntry src/Point.h
138 silly gunzTarPerm extractEntry util/has_lib.sh
139 silly gentlyRm /home/ellisp97/Desktop/3rdYear/webtech/web-technologies/site/node_modules/.staging/canvas-c6e9b709/node_modules is being purged
140 verbose gentlyRm don't care about contents; nuking /home/ellisp97/Desktop/3rdYear/webtech/web-technologies/site/node_modules/.staging/canvas-c6e9b709/node_modules
141 silly doParallel preinstall 1
142 silly preinstall canvas@1.6.10 /home/ellisp97/Desktop/3rdYear/webtech/web-technologies/site/node_modules/.staging/canvas-c6e9b709
143 info lifecycle canvas@1.6.10~preinstall: canvas@1.6.10
144 silly lifecycle canvas@1.6.10~preinstall: no script for preinstall, continuing
145 silly doReverseSerial remove 0
146 silly doSerial move 0
147 silly doSerial finalize 1
148 silly finalize /home/ellisp97/Desktop/3rdYear/webtech/web-technologies/site/node_modules/canvas
149 silly doSerial build 1
150 silly build canvas@1.6.10
151 info linkStuff canvas@1.6.10
152 silly linkStuff canvas@1.6.10 has /home/ellisp97/Desktop/3rdYear/webtech/web-technologies/site/node_modules as its parent node_modules
153 verbose linkBins canvas@1.6.10
154 verbose linkMans canvas@1.6.10
155 silly doSerial global-link 0
156 silly doParallel update-linked 0
157 silly doSerial install 1
158 silly install canvas@1.6.10 /home/ellisp97/Desktop/3rdYear/webtech/web-technologies/site/node_modules/.staging/canvas-c6e9b709
159 info lifecycle canvas@1.6.10~install: canvas@1.6.10
160 verbose lifecycle canvas@1.6.10~install: unsafe-perm in lifecycle true
161 verbose lifecycle canvas@1.6.10~install: PATH: /usr/share/npm/bin/node-gyp-bin:/home/ellisp97/Desktop/3rdYear/webtech/web-technologies/site/node_modules/canvas/node_modules/.bin:/home/ellisp97/Desktop/3rdYear/webtech/web-technologies/site/node_modules/.bin:/usr/local/sbin:/usr/local/bin:/usr/sbin:/usr/bin:/sbin:/bin:/usr/games:/usr/local/games:/snap/bin
162 verbose lifecycle canvas@1.6.10~install: CWD: /home/ellisp97/Desktop/3rdYear/webtech/web-technologies/site/node_modules/canvas
163 silly lifecycle canvas@1.6.10~install: Args: [ '-c', 'node-gyp rebuild' ]
164 silly lifecycle canvas@1.6.10~install: Returned: code: 1  signal: null
165 info lifecycle canvas@1.6.10~install: Failed to exec install script
166 verbose unlock done using /home/ellisp97/.npm/_locks/staging-d9347069f5a12807.lock for /home/ellisp97/Desktop/3rdYear/webtech/web-technologies/site/node_modules/.staging
167 silly rollbackFailedOptional Starting
168 silly rollbackFailedOptional Finishing
169 silly runTopLevelLifecycles Starting
170 silly runTopLevelLifecycles Finishing
171 silly install printInstalled
172 verbose stack Error: canvas@1.6.10 install: `node-gyp rebuild`
172 verbose stack Exit status 1
172 verbose stack     at EventEmitter.<anonymous> (/usr/share/npm/lib/utils/lifecycle.js:232:16)
172 verbose stack     at emitTwo (events.js:106:13)
172 verbose stack     at EventEmitter.emit (events.js:191:7)
172 verbose stack     at ChildProcess.<anonymous> (/usr/share/npm/lib/utils/spawn.js:24:14)
172 verbose stack     at emitTwo (events.js:106:13)
172 verbose stack     at ChildProcess.emit (events.js:191:7)
172 verbose stack     at maybeClose (internal/child_process.js:920:16)
172 verbose stack     at Process.ChildProcess._handle.onexit (internal/child_process.js:230:5)
173 verbose pkgid canvas@1.6.10
174 verbose cwd /home/ellisp97/Desktop/3rdYear/webtech/web-technologies/site
175 error Linux 4.13.0-39-generic
176 error argv "/usr/bin/node" "/usr/bin/npm" "install" "canvas" "--save"
177 error node v6.11.4
178 error npm  v3.5.2
179 error code ELIFECYCLE
180 error canvas@1.6.10 install: `node-gyp rebuild`
180 error Exit status 1
181 error Failed at the canvas@1.6.10 install script 'node-gyp rebuild'.
181 error Make sure you have the latest version of node.js and npm installed.
181 error If you do, this is most likely a problem with the canvas package,
181 error not with npm itself.
181 error Tell the author that this fails on your system:
181 error     node-gyp rebuild
181 error You can get information on how to open an issue for this project with:
181 error     npm bugs canvas
181 error Or if that isn't available, you can get their info via:
181 error     npm owner ls canvas
181 error There is likely additional logging output above.
182 verbose exit [ 1, true ]
